Flow report for FIR
Wed Jan 24 18:28:06 2018
Quartus II 64-Bit Version 13.1.0 Build 162 10/23/2013 SJ Full Version


---------------------
; Table of Contents ;
---------------------
  1. Legal Notice
  2. Flow Summary
  3. Flow Settings
  4. Flow Non-Default Global Settings
  5. Flow Elapsed Time
  6. Flow OS Summary
  7. Flow Log
  8. Flow Messages
  9. Flow Suppressed Messages



----------------
; Legal Notice ;
----------------
Copyright (C) 1991-2013 Altera Corporation
Your use of Altera Corporation's design tools, logic functions 
and other software and tools, and its AMPP partner logic 
functions, and any output files from any of the foregoing 
(including device programming or simulation files), and any 
associated documentation or information are expressly subject 
to the terms and conditions of the Altera Program License 
Subscription Agreement, Altera MegaCore Function License 
Agreement, or other applicable license agreement, including, 
without limitation, that your use is for the sole purpose of 
programming logic devices manufactured by Altera and sold by 
Altera or its authorized distributors.  Please refer to the 
applicable agreement for further details.



+----------------------------------------------------------------------------------+
; Flow Summary                                                                     ;
+------------------------------------+---------------------------------------------+
; Flow Status                        ; Successful - Wed Jan 24 18:28:06 2018       ;
; Quartus II 64-Bit Version          ; 13.1.0 Build 162 10/23/2013 SJ Full Version ;
; Revision Name                      ; FIR                                         ;
; Top-level Entity Name              ; FIR                                         ;
; Family                             ; Cyclone IV E                                ;
; Device                             ; EP4CE10F17C8                                ;
; Timing Models                      ; Final                                       ;
; Total logic elements               ; 4,025 / 10,320 ( 39 % )                     ;
;     Total combinational functions  ; 3,569 / 10,320 ( 35 % )                     ;
;     Dedicated logic registers      ; 2,565 / 10,320 ( 25 % )                     ;
; Total registers                    ; 2634                                        ;
; Total pins                         ; 43 / 180 ( 24 % )                           ;
; Total virtual pins                 ; 0                                           ;
; Total memory bits                  ; 65,280 / 423,936 ( 15 % )                   ;
; Embedded Multiplier 9-bit elements ; 4 / 46 ( 9 % )                              ;
; Total PLLs                         ; 1 / 2 ( 50 % )                              ;
+------------------------------------+---------------------------------------------+


+-----------------------------------------+
; Flow Settings                           ;
+-------------------+---------------------+
; Option            ; Setting             ;
+-------------------+---------------------+
; Start date & time ; 01/24/2018 18:26:46 ;
; Main task         ; Compilation         ;
; Revision Name     ; FIR                 ;
+-------------------+---------------------+


+-----------------------------------------------------------------------------------------------------------------------------------------------------------------------------------+
; Flow Non-Default Global Settings                                                                                                                                                  ;
+-------------------------------------+------------------------------------------------------------+---------------+-----------------------------------------------+----------------+
; Assignment Name                     ; Value                                                      ; Default Value ; Entity Name                                   ; Section Id     ;
+-------------------------------------+------------------------------------------------------------+---------------+-----------------------------------------------+----------------+
; COMPILER_SIGNATURE_ID               ; 176527413445413.151678960600900                            ; --            ; --                                            ; --             ;
; EDA_OUTPUT_DATA_FORMAT              ; Verilog Hdl                                                ; --            ; --                                            ; eda_simulation ;
; EDA_SIMULATION_TOOL                 ; ModelSim-Altera (Verilog)                                  ; <None>        ; --                                            ; --             ;
; IP_TOOL_ENV                         ; Qsys                                                       ; --            ; CPU_qsys                                      ; --             ;
; IP_TOOL_ENV                         ; Qsys                                                       ; --            ; CPU_qsys_CPU                                  ; --             ;
; IP_TOOL_ENV                         ; Qsys                                                       ; --            ; CPU_qsys_JTAG_UART                            ; --             ;
; IP_TOOL_ENV                         ; Qsys                                                       ; --            ; CPU_qsys_SDRAM                                ; --             ;
; IP_TOOL_ENV                         ; Qsys                                                       ; --            ; CPU_qsys_UART                                 ; --             ;
; IP_TOOL_ENV                         ; Qsys                                                       ; --            ; CPU_qsys_irq_mapper                           ; --             ;
; IP_TOOL_ENV                         ; Qsys                                                       ; --            ; CPU_qsys_mm_interconnect_0                    ; --             ;
; IP_TOOL_ENV                         ; Qsys                                                       ; --            ; CPU_qsys_mm_interconnect_0_addr_router        ; --             ;
; IP_TOOL_ENV                         ; Qsys                                                       ; --            ; CPU_qsys_mm_interconnect_0_addr_router_001    ; --             ;
; IP_TOOL_ENV                         ; Qsys                                                       ; --            ; CPU_qsys_mm_interconnect_0_cmd_xbar_demux     ; --             ;
; IP_TOOL_ENV                         ; Qsys                                                       ; --            ; CPU_qsys_mm_interconnect_0_cmd_xbar_demux_001 ; --             ;
; IP_TOOL_ENV                         ; Qsys                                                       ; --            ; CPU_qsys_mm_interconnect_0_cmd_xbar_mux       ; --             ;
; IP_TOOL_ENV                         ; Qsys                                                       ; --            ; CPU_qsys_mm_interconnect_0_cmd_xbar_mux_002   ; --             ;
; IP_TOOL_ENV                         ; Qsys                                                       ; --            ; CPU_qsys_mm_interconnect_0_id_router          ; --             ;
; IP_TOOL_ENV                         ; Qsys                                                       ; --            ; CPU_qsys_mm_interconnect_0_id_router_001      ; --             ;
; IP_TOOL_ENV                         ; Qsys                                                       ; --            ; CPU_qsys_mm_interconnect_0_id_router_002      ; --             ;
; IP_TOOL_ENV                         ; Qsys                                                       ; --            ; CPU_qsys_mm_interconnect_0_rsp_xbar_demux     ; --             ;
; IP_TOOL_ENV                         ; Qsys                                                       ; --            ; CPU_qsys_mm_interconnect_0_rsp_xbar_demux_002 ; --             ;
; IP_TOOL_ENV                         ; Qsys                                                       ; --            ; CPU_qsys_mm_interconnect_0_rsp_xbar_mux       ; --             ;
; IP_TOOL_ENV                         ; Qsys                                                       ; --            ; CPU_qsys_mm_interconnect_0_rsp_xbar_mux_001   ; --             ;
; IP_TOOL_ENV                         ; Qsys                                                       ; --            ; CPU_qsys_sysid_qsys                           ; --             ;
; IP_TOOL_ENV                         ; Qsys                                                       ; --            ; altera_avalon_sc_fifo                         ; --             ;
; IP_TOOL_ENV                         ; Qsys                                                       ; --            ; altera_merlin_burst_adapter                   ; --             ;
; IP_TOOL_ENV                         ; Qsys                                                       ; --            ; altera_merlin_master_agent                    ; --             ;
; IP_TOOL_ENV                         ; Qsys                                                       ; --            ; altera_merlin_master_translator               ; --             ;
; IP_TOOL_ENV                         ; Qsys                                                       ; --            ; altera_merlin_slave_agent                     ; --             ;
; IP_TOOL_ENV                         ; Qsys                                                       ; --            ; altera_merlin_slave_translator                ; --             ;
; IP_TOOL_ENV                         ; Qsys                                                       ; --            ; altera_merlin_traffic_limiter                 ; --             ;
; IP_TOOL_ENV                         ; Qsys                                                       ; --            ; altera_merlin_width_adapter                   ; --             ;
; IP_TOOL_ENV                         ; Qsys                                                       ; --            ; altera_reset_controller                       ; --             ;
; IP_TOOL_NAME                        ; ALTPLL                                                     ; --            ; --                                            ; --             ;
; IP_TOOL_NAME                        ; Qsys                                                       ; --            ; CPU_qsys                                      ; --             ;
; IP_TOOL_NAME                        ; altera_nios2_qsys                                          ; --            ; CPU_qsys_CPU                                  ; --             ;
; IP_TOOL_NAME                        ; altera_avalon_jtag_uart                                    ; --            ; CPU_qsys_JTAG_UART                            ; --             ;
; IP_TOOL_NAME                        ; altera_avalon_new_sdram_controller                         ; --            ; CPU_qsys_SDRAM                                ; --             ;
; IP_TOOL_NAME                        ; altera_avalon_uart                                         ; --            ; CPU_qsys_UART                                 ; --             ;
; IP_TOOL_NAME                        ; altera_irq_mapper                                          ; --            ; CPU_qsys_irq_mapper                           ; --             ;
; IP_TOOL_NAME                        ; altera_merlin_interconnect_wrapper                         ; --            ; CPU_qsys_mm_interconnect_0                    ; --             ;
; IP_TOOL_NAME                        ; altera_merlin_router                                       ; --            ; CPU_qsys_mm_interconnect_0_addr_router        ; --             ;
; IP_TOOL_NAME                        ; altera_merlin_router                                       ; --            ; CPU_qsys_mm_interconnect_0_addr_router_001    ; --             ;
; IP_TOOL_NAME                        ; altera_merlin_demultiplexer                                ; --            ; CPU_qsys_mm_interconnect_0_cmd_xbar_demux     ; --             ;
; IP_TOOL_NAME                        ; altera_merlin_demultiplexer                                ; --            ; CPU_qsys_mm_interconnect_0_cmd_xbar_demux_001 ; --             ;
; IP_TOOL_NAME                        ; altera_merlin_multiplexer                                  ; --            ; CPU_qsys_mm_interconnect_0_cmd_xbar_mux       ; --             ;
; IP_TOOL_NAME                        ; altera_merlin_multiplexer                                  ; --            ; CPU_qsys_mm_interconnect_0_cmd_xbar_mux_002   ; --             ;
; IP_TOOL_NAME                        ; altera_merlin_router                                       ; --            ; CPU_qsys_mm_interconnect_0_id_router          ; --             ;
; IP_TOOL_NAME                        ; altera_merlin_router                                       ; --            ; CPU_qsys_mm_interconnect_0_id_router_001      ; --             ;
; IP_TOOL_NAME                        ; altera_merlin_router                                       ; --            ; CPU_qsys_mm_interconnect_0_id_router_002      ; --             ;
; IP_TOOL_NAME                        ; altera_merlin_demultiplexer                                ; --            ; CPU_qsys_mm_interconnect_0_rsp_xbar_demux     ; --             ;
; IP_TOOL_NAME                        ; altera_merlin_demultiplexer                                ; --            ; CPU_qsys_mm_interconnect_0_rsp_xbar_demux_002 ; --             ;
; IP_TOOL_NAME                        ; altera_merlin_multiplexer                                  ; --            ; CPU_qsys_mm_interconnect_0_rsp_xbar_mux       ; --             ;
; IP_TOOL_NAME                        ; altera_merlin_multiplexer                                  ; --            ; CPU_qsys_mm_interconnect_0_rsp_xbar_mux_001   ; --             ;
; IP_TOOL_NAME                        ; altera_avalon_sysid_qsys                                   ; --            ; CPU_qsys_sysid_qsys                           ; --             ;
; IP_TOOL_NAME                        ; altera_avalon_sc_fifo                                      ; --            ; altera_avalon_sc_fifo                         ; --             ;
; IP_TOOL_NAME                        ; altera_merlin_burst_adapter                                ; --            ; altera_merlin_burst_adapter                   ; --             ;
; IP_TOOL_NAME                        ; altera_merlin_master_agent                                 ; --            ; altera_merlin_master_agent                    ; --             ;
; IP_TOOL_NAME                        ; altera_merlin_master_translator                            ; --            ; altera_merlin_master_translator               ; --             ;
; IP_TOOL_NAME                        ; altera_merlin_slave_agent                                  ; --            ; altera_merlin_slave_agent                     ; --             ;
; IP_TOOL_NAME                        ; altera_merlin_slave_translator                             ; --            ; altera_merlin_slave_translator                ; --             ;
; IP_TOOL_NAME                        ; altera_merlin_traffic_limiter                              ; --            ; altera_merlin_traffic_limiter                 ; --             ;
; IP_TOOL_NAME                        ; altera_merlin_width_adapter                                ; --            ; altera_merlin_width_adapter                   ; --             ;
; IP_TOOL_NAME                        ; altera_reset_controller                                    ; --            ; altera_reset_controller                       ; --             ;
; IP_TOOL_VERSION                     ; 13.1                                                       ; --            ; --                                            ; --             ;
; IP_TOOL_VERSION                     ; 13.1                                                       ; --            ; CPU_qsys                                      ; --             ;
; IP_TOOL_VERSION                     ; 13.1                                                       ; --            ; CPU_qsys_CPU                                  ; --             ;
; IP_TOOL_VERSION                     ; 13.1                                                       ; --            ; CPU_qsys_JTAG_UART                            ; --             ;
; IP_TOOL_VERSION                     ; 13.1                                                       ; --            ; CPU_qsys_SDRAM                                ; --             ;
; IP_TOOL_VERSION                     ; 13.1                                                       ; --            ; CPU_qsys_UART                                 ; --             ;
; IP_TOOL_VERSION                     ; 13.1                                                       ; --            ; CPU_qsys_irq_mapper                           ; --             ;
; IP_TOOL_VERSION                     ; 13.1                                                       ; --            ; CPU_qsys_mm_interconnect_0                    ; --             ;
; IP_TOOL_VERSION                     ; 13.1                                                       ; --            ; CPU_qsys_mm_interconnect_0_addr_router        ; --             ;
; IP_TOOL_VERSION                     ; 13.1                                                       ; --            ; CPU_qsys_mm_interconnect_0_addr_router_001    ; --             ;
; IP_TOOL_VERSION                     ; 13.1                                                       ; --            ; CPU_qsys_mm_interconnect_0_cmd_xbar_demux     ; --             ;
; IP_TOOL_VERSION                     ; 13.1                                                       ; --            ; CPU_qsys_mm_interconnect_0_cmd_xbar_demux_001 ; --             ;
; IP_TOOL_VERSION                     ; 13.1                                                       ; --            ; CPU_qsys_mm_interconnect_0_cmd_xbar_mux       ; --             ;
; IP_TOOL_VERSION                     ; 13.1                                                       ; --            ; CPU_qsys_mm_interconnect_0_cmd_xbar_mux_002   ; --             ;
; IP_TOOL_VERSION                     ; 13.1                                                       ; --            ; CPU_qsys_mm_interconnect_0_id_router          ; --             ;
; IP_TOOL_VERSION                     ; 13.1                                                       ; --            ; CPU_qsys_mm_interconnect_0_id_router_001      ; --             ;
; IP_TOOL_VERSION                     ; 13.1                                                       ; --            ; CPU_qsys_mm_interconnect_0_id_router_002      ; --             ;
; IP_TOOL_VERSION                     ; 13.1                                                       ; --            ; CPU_qsys_mm_interconnect_0_rsp_xbar_demux     ; --             ;
; IP_TOOL_VERSION                     ; 13.1                                                       ; --            ; CPU_qsys_mm_interconnect_0_rsp_xbar_demux_002 ; --             ;
; IP_TOOL_VERSION                     ; 13.1                                                       ; --            ; CPU_qsys_mm_interconnect_0_rsp_xbar_mux       ; --             ;
; IP_TOOL_VERSION                     ; 13.1                                                       ; --            ; CPU_qsys_mm_interconnect_0_rsp_xbar_mux_001   ; --             ;
; IP_TOOL_VERSION                     ; 13.1                                                       ; --            ; CPU_qsys_sysid_qsys                           ; --             ;
; IP_TOOL_VERSION                     ; 13.1                                                       ; --            ; altera_avalon_sc_fifo                         ; --             ;
; IP_TOOL_VERSION                     ; 13.1                                                       ; --            ; altera_merlin_burst_adapter                   ; --             ;
; IP_TOOL_VERSION                     ; 13.1                                                       ; --            ; altera_merlin_master_agent                    ; --             ;
; IP_TOOL_VERSION                     ; 13.1                                                       ; --            ; altera_merlin_master_translator               ; --             ;
; IP_TOOL_VERSION                     ; 13.1                                                       ; --            ; altera_merlin_slave_agent                     ; --             ;
; IP_TOOL_VERSION                     ; 13.1                                                       ; --            ; altera_merlin_slave_translator                ; --             ;
; IP_TOOL_VERSION                     ; 13.1                                                       ; --            ; altera_merlin_traffic_limiter                 ; --             ;
; IP_TOOL_VERSION                     ; 13.1                                                       ; --            ; altera_merlin_width_adapter                   ; --             ;
; IP_TOOL_VERSION                     ; 13.1                                                       ; --            ; altera_reset_controller                       ; --             ;
; MAX_CORE_JUNCTION_TEMP              ; 85                                                         ; --            ; --                                            ; --             ;
; MIN_CORE_JUNCTION_TEMP              ; 0                                                          ; --            ; --                                            ; --             ;
; MISC_FILE                           ; CPU_qsys/synthesis/../../CPU_qsys.cmp                      ; --            ; --                                            ; --             ;
; MISC_FILE                           ; CPU_qsys/synthesis/../../CPU_qsys.qsys                     ; --            ; --                                            ; --             ;
; MISC_FILE                           ; PLL_inst.v                                                 ; --            ; --                                            ; --             ;
; MISC_FILE                           ; PLL_bb.v                                                   ; --            ; --                                            ; --             ;
; MISC_FILE                           ; PLL.ppf                                                    ; --            ; --                                            ; --             ;
; NOMINAL_CORE_SUPPLY_VOLTAGE         ; 1.2V                                                       ; --            ; --                                            ; --             ;
; PARTITION_COLOR                     ; 16764057                                                   ; --            ; --                                            ; Top            ;
; PARTITION_FITTER_PRESERVATION_LEVEL ; PLACEMENT_AND_ROUTING                                      ; --            ; --                                            ; Top            ;
; PARTITION_NETLIST_TYPE              ; SOURCE                                                     ; --            ; --                                            ; Top            ;
; POWER_BOARD_THERMAL_MODEL           ; None (CONSERVATIVE)                                        ; --            ; --                                            ; --             ;
; POWER_PRESET_COOLING_SOLUTION       ; 23 MM HEAT SINK WITH 200 LFPM AIRFLOW                      ; --            ; --                                            ; --             ;
; PROJECT_OUTPUT_DIRECTORY            ; output_files                                               ; --            ; --                                            ; --             ;
; SLD_FILE                            ; CPU_qsys/synthesis/CPU_qsys.regmap                         ; --            ; --                                            ; --             ;
; SLD_FILE                            ; CPU_qsys/synthesis/CPU_qsys.debuginfo                      ; --            ; --                                            ; --             ;
; SLD_INFO                            ; QSYS_NAME CPU_qsys HAS_SOPCINFO 1 GENERATION_ID 1516688433 ; --            ; CPU_qsys                                      ; --             ;
; SOPCINFO_FILE                       ; CPU_qsys/synthesis/../../CPU_qsys.sopcinfo                 ; --            ; --                                            ; --             ;
; SYNTHESIS_ONLY_QIP                  ; On                                                         ; --            ; --                                            ; --             ;
+-------------------------------------+------------------------------------------------------------+---------------+-----------------------------------------------+----------------+


+-------------------------------------------------------------------------------------------------------------------------------+
; Flow Elapsed Time                                                                                                             ;
+---------------------------+--------------+-------------------------+---------------------+------------------------------------+
; Module Name               ; Elapsed Time ; Average Processors Used ; Peak Virtual Memory ; Total CPU Time (on all processors) ;
+---------------------------+--------------+-------------------------+---------------------+------------------------------------+
; Analysis & Synthesis      ; 00:00:26     ; 1.0                     ; 682 MB              ; 00:00:20                           ;
; Fitter                    ; 00:00:25     ; 1.4                     ; 1235 MB             ; 00:00:22                           ;
; Assembler                 ; 00:00:02     ; 1.0                     ; 473 MB              ; 00:00:01                           ;
; TimeQuest Timing Analyzer ; 00:00:05     ; 1.0                     ; 592 MB              ; 00:00:04                           ;
; EDA Netlist Writer        ; 00:00:05     ; 1.0                     ; 497 MB              ; 00:00:05                           ;
; Total                     ; 00:01:03     ; --                      ; --                  ; 00:00:52                           ;
+---------------------------+--------------+-------------------------+---------------------+------------------------------------+


+----------------------------------------------------------------------------------------+
; Flow OS Summary                                                                        ;
+---------------------------+------------------+-----------+------------+----------------+
; Module Name               ; Machine Hostname ; OS Name   ; OS Version ; Processor type ;
+---------------------------+------------------+-----------+------------+----------------+
; Analysis & Synthesis      ; P80188005        ; Windows 7 ; 6.1        ; x86_64         ;
; Fitter                    ; P80188005        ; Windows 7 ; 6.1        ; x86_64         ;
; Assembler                 ; P80188005        ; Windows 7 ; 6.1        ; x86_64         ;
; TimeQuest Timing Analyzer ; P80188005        ; Windows 7 ; 6.1        ; x86_64         ;
; EDA Netlist Writer        ; P80188005        ; Windows 7 ; 6.1        ; x86_64         ;
+---------------------------+------------------+-----------+------------+----------------+


------------
; Flow Log ;
------------
quartus_map --read_settings_files=on --write_settings_files=off FIR -c FIR
quartus_fit --read_settings_files=off --write_settings_files=off FIR -c FIR
quartus_asm --read_settings_files=off --write_settings_files=off FIR -c FIR
quartus_sta FIR -c FIR
quartus_eda --read_settings_files=off --write_settings_files=off FIR -c FIR



